1 9163
2 807 1
1 1679
1 8946
1 2743
2 9648 1
2 7698 46
1 7246
2 2543 2
2 7269 5
2 4769 6
1 6201
1 5861
1 417
1 9746
2 5987 24
1 451
2 9875 123
2 6987 20
2 8549 6
1 650
2 9654 2
2 7216 1
2 9140 1
1 5648
1 629
2 4139 4
2 8796 50
1 1542
2 6759 16
1 1609
2 7569 10
2 7986 4
1 5931
2 9218 2
2 5764 1
1 8960
1 6735
2 1476 1
2 9876 31
1 5907
2 9875 89
2 1230 1
1 1673
1 8764
2 4913 1
2 4139 10
1 765
1 6795
1 2397
1 3092
2 1209 14
2 1473 1
2 2130 3
1 1238
1 8264
1 7492
1 9346
1 2301
2 3524 1
2 8796 5
2 6029 1
1 7890
2 1987 23
1 7291
1 973
2 6598 39
1 4269
1 9365
2 9658 7
2 2987 13
2 3462 1
1 150
2 1520 2
1 8462
1 5301
2 6049 1
1 6285
2 7954 1
1 7409
2 3298 9
2 1265 1
2 9876 102
1 5064
2 1098 24
1 7603
2 3298 51
2 9187 4
2 1509 10
1 5602
2 7196 1
1 9652
1 8650
1 3620
1 3015
1 3250
1 2895
2 2098 4
1 6843
1 6597
1 5249
2 3298 59
2 1827 1
1 9352
1 830
2 3867 1
2 3769 4
2 4398 87
1 2935
2 2879 4
1 7593
1 853
2 8279 6
2 5614 2
2 4398 5
2 1098 3
2 1809 7
2 9160 1
1 6750
2 403 1
2 4398 34
1 7012
1 5487
1 7049
2 5784 1
2 7439 6
2 8796 84
2 8796 35
2 1209 15
1 3451
1 74
2 7806 2
2 8796 98
2 2301 2
1 3089
1 9786
2 6143 1
2 4329 1
1 6854
2 1908 2
1 1578
2 6130 1
1 435
1 2190
2 7968 10
2 9876 18
1 7029
1 7532
2 7695 36
1 6925
1 804
2 4765 2
2 9058 1
1 5329
2 5849 3
2 1907 12
1 8016
1 5731
1 9451
1 6158
2 8795 45
2 2198 47
1 6821
2 4639 5
1 5826
1 7528
2 8179 2
2 7329 2
1 98
1 2908
1 2360
1 1357
2 6754 2
2 4329 13
1 684
2 3219 17
2 8079 8
2 8721 1
2 1453 1
1 6074
1 3610
1 8079
2 1769 2
1 8957
2 1870 1
2 5249 4
2 4938 9
2 109 7
1 9423
2 1276 1
1 702
1 5371
1 4701
1 7681
1 2941
2 8796 51
1 7021
2 8927 1
1 3651
1 7698
1 2897
1 5023
2 5049 4
2 1098 92
1 7546
2 1876 2
1 4932
1 125
1 340
2 3129 7
1 8374
2 5201 1
2 3298 95
2 5160 1
2 7369 5
1 6972
1 7619
2 7695 58
1 3906
2 2398 2
1 8470
1 1680
2 2198 81
2 9876 29
1 658
2 3549 7
2 5769 2
2 432 1
1 671
1 2640
1 8973
2 4312 2
2 9548 1
2 1549 3
1 7195
2 6231 2
1 3019
2 2987 2
2 9362 1
1 1783
2 4352 3
1 9820
1 4286
1 3028
1 4713
1 4625
2 4398 35
1 4017
2 7169 6
1 9248
2 5423 2
2 3219 3
2 5329 4
2 7546 1
1 9415
1 1864
2 8439 5
2 4076 1
1 628
1 1370
1 1269
1 6382
1 378
1 3150
2 5439 18
2 9786 4
1 7134
1 1536
1 1634
1 915
2 3987 20
1 58
2 3298 57
1 3510
1 9264
1 4197
2 1329 4
1 9105
2 2198 91
1 9285
2 8796 48
2 7069 3
1 4962
2 2197 89
2 8796 13
1 2976
1 4198
1 7058
2 1987 19
2 659 10
2 7120 1
1 7432
1 1867
1 4267
2 9328 6
2 7985 12
1 7953
1 926
1 3918
2 7865 15
2 2018 12
1 9102
2 9352 1
2 7986 14
1 9081
1 3619
2 687 1
1 8643
2 1409 5
1 6301
1 164
1 5796
2 7329 10
1 6287
2 9687 13
1 3581
2 2319 2
2 1498 1
1 2086
2 7432 1
1 9186
2 4109 6
1 1237
1 1946
1 1657
2 4139 9
2 897 1
2 8976 4
2 8796 82
2 6109 6
2 9876 95
2 8796 85
1 3168
2 8079 6
1 8574
2 1098 58
1 652
2 6958 5
1 753
1 6298
1 8360
2 2987 15
1 8179
2 1470 1
2 1098 13
2 3659 3
2 9138 1
2 3854 1
1 8604
2 8403 1
1 967
2 7469 10
2 8437 1
2 4398 92
1 8049
1 2905
1 9083
1 823
1 13
1 6549
1 3921
1 9476
2 5749 6
1 18
2 5024 1
2 7439 4
2 2941 1
2 1409 3
2 3769 8
2 1054 1
2 4839 6
2 6594 103
1 3760
1 2457
1 6871
2 5498 84
2 3726 1
1 8259
2 8679 6
2 2197 23
2 2198 42
1 4817
2 7365 2
2 564 2
1 3910
1 5468
1 6215
1 4185
2 9187 7
2 2031 2
2 7698 70
1 6752
2 4239 3
2 9873 102
1 6178
1 4960
1 1735
1 4908
1 6283
2 5438 12
1 786
1 3129
1 1024
2 6879 10
1 6980
1 1805
1 2417
1 2790
2 5649 6
1 6052
1 8496
1 3254
1 364
1 9874
1 3472
2 8796 34
1 6578
1 2018
1 8523
1 2685
2 1659 2
1 6794
2 5014 1
1 6827
2 10 1
2 5987 2
1 1872
1 1605
1 8156
2 594 1
2 549 8
1 2791
2 3452 2
1 4832
1 2057
2 9785 12
2 1987 20
1 9508
1 4209
1 2698
2 6329 5
2 2847 1
1 3201
2 2817 1
2 743 1
2 2198 35
1 8045
2 4329 10
1 3540
1 5063
1 9856
2 8321 1
1 293
1 8152
1 5349
1 7349
2 5034 1
2 9487 8
2 2910 2
1 6784
1 2890
1 4385
2 6879 8
1 8247
2 9786 9
2 9086 12
2 5439 8
1 2598
2 4539 4
2 6987 21
1 3549
1 3687
2 4908 1
1 9875
1 7163
1 2096
1 2856
1 849
1 3126
1 8023
1 8459
2 2319 8
2 4821 1
1 4738
1 6593
2 487 1
1 123
1 9478
2 5439 13
1 4062
1 1290
1 8039
1 371
2 9218 6
1 1463
1 6713
1 3587
2 6597 89
2 5094 1
2 7908 1
1 4372
1 9813
1 3102
1 7952
2 9876 59
2 5769 8
1 8349
1 1490
2 3297 102
1 7238
1 8594
2 4687 1
2 6219 5
2 8796 26
2 7456 1
1 2064
1 3719
1 3982
1 1683
2 1098 26
2 1743 1
1 9630
1 1356
1 8329
1 4623
2 9342 2
2 8796 89
2 5879 5
2 6549 15
2 1609 1
2 6987 17
1 7295
1 3256
2 6594 104
1 5041
1 2659
1 4672
1 8624
1 6870
2 8976 23
1 2974
1 6480
2 5483 1
2 3429 8
2 9287 13
2 4532 3
2 2781 1
1 8342
2 8379 5
2 3769 1
1 4829
1 8293
2 6154 2
1 5469
2 4965 1
1 579
2 5410 1
1 7683
2 9876 96
2 1809 10
1 4502
2 5498 19
1 3789
1 394
2 4659 1
1 1493
1 4196
1 4827
2 4986 12
1 670
1 6813
1 1670
1 4218
1 385
1 9825
1 6127
2 4187 1
1 7534
2 2641 1
2 5769 1
1 8734
2 4853 1
2 7698 24
1 9240
2 3297 78
1 5129
2 543 1
2 8329 5
1 5913
2 9608 1
1 4961
1 2390
2 5498 57
2 5698 2
2 8479 8
1 489
2 5498 18
1 7346
1 6421
2 6857 1
1 6520
1 8451
1 4137
1 1527
1 1749
2 4219 4
1 8396
1 9847
2 4398 89
1 56
2 9874 120
1 152
1 8409
2 4372 1
2 2198 62
1 8320
2 7549 9
2 3842 1
2 2198 72
1 6185
1 1709
2 1243 1
1 390
1 2735
2 1609 4
2 9875 102
2 3965 1
2 1309 2
2 2319 3
2 3298 69
1 1085
1 3490
2 6459 6
1 4890
1 8169
2 6459 5
1 7495
1 9235
1 8524
1 4168
1 1764
2 987 17
1 4026
2 9287 9
2 6025 1
1 3987
1 9854
1 1054
1 3067
1 7658
1 6452
2 5298 2
1 4598
2 6549 13
1 5901
1 8641
2 4263 1
1 5420
1 4982
1 7548
1 3728
2 6105 1
1 7946
1 6930
1 5472
1 6405
1 7934
2 2968 1
1 9143
1 7309
1 1540
1 9743
1 7138
1 4862
1 249
2 3412 1
2 9710 1
2 6098 1
2 987 1
1 3674
1 8904
2 8231 1
2 4352 1
1 5637
1 8067
1 5942
1 5849
2 5498 76
2 3865 1
2 4310 1
1 3296
2 2170 2
1 8294
1 3192
2 6205 1
1 2891
2 2931 2
1 3245
1 365
1 4138
2 9087 3
2 5706 1
1 5067
2 9548 2
2 9087 1
2 9518 1
1 5694
2 4736 1
2 6498 1
2 9107 12
1 5219
1 4519
1 5164
2 5310 1
1 8194
1 713
1 4516
1 372
1 2418
2 1320 3
2 5624 1
2 7086 2
1 2870
2 6598 28
2 3702 1
2 6837 1
2 9685 13
1 8032
1 2574
1 1420
2 5987 3
2 1590 1
1 3896
1 1452
2 4210 2
1 2934
2 9876 46
2 1987 9
1 8720
1 7954
2 8579 5
2 9327 12
2 8310 1
2 8976 1
2 5498 46
1 7985
1 8534
1 9368
1 7538
2 5170 1
2 9876 13
1 3408
1 2483
2 5109 7
1 2865
1 5791
1 210
1 2091
1 3957
1 1389
2 287 1
2 8967 2
2 8109 1
1 7105
2 1609 8
1 5167
1 3980
1 4692
1 1870
1 621
2 5219 7
2 7439 10
1 2065
2 2619 3
2 4839 8
1 195
2 3675 2
1 3764
1 9713
1 5149
2 9130 1
2 4786 1
1 536
2 4398 36
2 7219 10
2 3549 8
1 5384
2 4219 3
1 9257
2 4703 1
2 9876 32
2 8109 5
2 9768 3
2 1786 1
1 824
2 4398 78
2 9687 12
1 8510
1 104
1 8962
1 6430
1 3954
1 2576
1 6429
2 5231 1
1 9382
2 3210 1
2 2549 9
2 8976 12
2 5364 1
2 796 1
1 382
2 576 1
2 7564 1
2 5943 2
2 5249 1
2 7698 85
1 8647
2 6254 1
1 4053
2 8769 10
2 8976 35
1 5148
2 6915 1
1 9453
2 5649 20
2 1920 2
1 5628
1 7263
2 8921 1
2 1069 1
1 9631
2 6159 10
2 6910 1
1 867
2 6439 2
1 2894
2 1097 12
2 4938 4
1 3072
1 9103
1 5302
1 5107
1 3609
2 8654 2
2 4539 16
1 4208
1 8106
2 9876 103
1 7435
2 4893 1
2 1039 2
2 7439 2
2 3582 1
2 5498 24
2 3510 1
1 3104
1 4083
1 9637
2 5349 6
2 8796 59
1 3862
2 9178 1
1 1925
2 3172 1
2 1709 9
1 3940
2 3109 1
2 9210 1
2 8726 2
1 8
2 5497 89
1 6547
2 6054 1
1 416
2 7150 1
2 6259 9
1 9246
1 9475
1 9071
1 6184
2 7698 20
2 879 1
1 3916
2 2987 20
2 854 1
1 5674
2 4165 1
1 1960
2 3298 19
1 7369
1 9148
1 8590
2 879 4
2 7928 1
1 2043
1 6107
1 6932
2 5098 1
2 543 2
2 6598 47
2 9876 48
1 6927
2 1409 8
2 498 2
1 681
1 7936
2 1790 1
2 5249 8
1 6195
1 6507
1 6120
1 6210
1 5684
1 2478
2 9487 12
2 5498 38
2 7269 4
1 1025
2 1958 1
1 7540
1 8740
1 4390
2 7564 3
1 3524
2 1098 95
2 8706 1
1 7860
1 5184
2 4089 1
2 2754 1
2 8376 1
2 4302 2
1 4963
2 769 1
1 725
2 9876 83
2 4109 3
1 573
2 9658 9
2 8796 54
1 2861
1 5120
1 2467
2 4321 2
1 6582
1 482
2 9328 5
2 1409 1
1 5914
1 8421
2 4153 2
2 4739 8
2 9786 7
2 958 1
1 7821
1 8512
1 9251
1 6785
1 8042
1 4275
2 387 1
2 7698 63
1 3598
2 7698 98
2 8675 2
2 2519 4
1 5492
2 9018 2
1 6479
1 587
2 5498 25
2 6759 17
2 210 1
2 3029 10
1 620
2 329 8
2 4783 1
2 2398 1
1 8542
2 1560 1
2 621 1
1 6130
1 431
2 7605 1
2 8029 1
2 1209 1
1 5621
2 6759 10
1 6982
2 2439 6
2 2710 1
2 9876 37
1 1073
2 6375 1
1 3428
2 6598 67
1 7145
1 583
2 9876 4
